TN:
SF:src/service/commentService.ts
FN:22,default_1
FN:23,validateInputComment
FN:51,validateUpdateComment
FN:70,(anonymous_12)
FN:92,validateDeleteComment
FN:111,(anonymous_15)
FN:128,validateUserContent
FN:145,validateId
FN:160,createComment
FN:173,deleteComment
FN:181,(anonymous_24)
FN:193,updateComment
FN:209,getUserContentComment
FN:220,getContentComments
FN:226,(anonymous_31)
FN:238,getUserComments
FNF:16
FNH:16
FNDA:1,default_1
FNDA:3,validateInputComment
FNDA:3,validateUpdateComment
FNDA:3,(anonymous_12)
FNDA:3,validateDeleteComment
FNDA:3,(anonymous_15)
FNDA:2,validateUserContent
FNDA:3,validateId
FNDA:1,createComment
FNDA:1,deleteComment
FNDA:2,(anonymous_24)
FNDA:1,updateComment
FNDA:1,getUserContentComment
FNDA:1,getContentComments
FNDA:4,(anonymous_31)
FNDA:4,getUserComments
DA:1,1
DA:22,1
DA:26,3
DA:28,3
DA:29,1
DA:30,1
DA:33,2
DA:35,2
DA:36,1
DA:40,2
DA:41,0
DA:44,2
DA:45,1
DA:48,1
DA:54,3
DA:56,3
DA:57,1
DA:58,1
DA:61,2
DA:65,2
DA:66,0
DA:69,2
DA:70,2
DA:72,3
DA:73,1
DA:76,2
DA:77,1
DA:81,2
DA:82,0
DA:85,2
DA:86,1
DA:89,1
DA:95,3
DA:97,3
DA:98,1
DA:99,1
DA:102,2
DA:106,2
DA:107,0
DA:110,2
DA:111,2
DA:113,3
DA:114,1
DA:117,2
DA:118,1
DA:121,2
DA:122,1
DA:125,1
DA:131,2
DA:133,2
DA:134,1
DA:135,1
DA:138,1
DA:139,0
DA:142,1
DA:146,3
DA:148,3
DA:149,1
DA:150,1
DA:153,2
DA:154,0
DA:157,2
DA:161,1
DA:162,1
DA:169,0
DA:174,1
DA:175,1
DA:181,1
DA:182,2
DA:183,1
DA:187,1
DA:189,0
DA:194,1
DA:195,1
DA:199,1
DA:200,1
DA:201,1
DA:202,1
DA:205,0
DA:212,1
DA:213,1
DA:214,1
DA:216,0
DA:221,1
DA:222,1
DA:224,1
DA:226,1
DA:227,4
DA:228,1
DA:232,1
DA:234,0
DA:239,4
DA:240,4
DA:241,4
DA:243,0
DA:247,1
LF:96
LH:84
BRDA:28,0,0,1
BRDA:28,1,0,3
BRDA:28,1,1,3
BRDA:28,1,2,2
BRDA:28,1,3,2
BRDA:35,2,0,1
BRDA:35,3,0,2
BRDA:35,3,1,1
BRDA:40,4,0,0
BRDA:44,5,0,1
BRDA:56,6,0,1
BRDA:56,7,0,3
BRDA:56,7,1,3
BRDA:56,7,2,2
BRDA:56,7,3,2
BRDA:65,8,0,0
BRDA:72,9,0,1
BRDA:76,10,0,1
BRDA:81,11,0,0
BRDA:85,12,0,1
BRDA:97,13,0,1
BRDA:97,14,0,3
BRDA:97,14,1,3
BRDA:97,14,2,2
BRDA:106,15,0,0
BRDA:113,16,0,1
BRDA:117,17,0,1
BRDA:121,18,0,1
BRDA:133,19,0,1
BRDA:133,20,0,2
BRDA:133,20,1,2
BRDA:133,20,2,1
BRDA:138,21,0,0
BRDA:148,22,0,1
BRDA:153,23,0,0
BRDA:182,24,0,1
BRDA:199,25,0,1
BRDA:227,26,0,1
BRF:38
BRH:32
end_of_record
TN:
SF:src/service/favoriteService.ts
FN:16,default_1
FN:17,validateInputFavorite
FN:39,validateUpdateFavorite
FN:58,(anonymous_12)
FN:75,validateId
FN:89,createFavorite
FN:101,deleteFavorite
FN:109,(anonymous_19)
FN:121,getUserFavorites
FN:130,getContentFavorites
FN:136,(anonymous_24)
FN:147,getUserContentFavorite
FNF:12
FNH:12
FNDA:1,default_1
FNDA:3,validateInputFavorite
FNDA:4,validateUpdateFavorite
FNDA:3,(anonymous_12)
FNDA:3,validateId
FNDA:1,createFavorite
FNDA:1,deleteFavorite
FNDA:2,(anonymous_19)
FNDA:3,getUserFavorites
FNDA:1,getContentFavorites
FNDA:3,(anonymous_24)
FNDA:1,getUserContentFavorite
DA:3,1
DA:16,1
DA:20,3
DA:22,3
DA:23,1
DA:24,1
DA:27,2
DA:28,2
DA:29,1
DA:32,2
DA:33,1
DA:36,1
DA:42,4
DA:44,4
DA:45,1
DA:46,1
DA:49,3
DA:53,3
DA:54,1
DA:57,3
DA:58,3
DA:60,3
DA:61,1
DA:64,3
DA:65,2
DA:68,3
DA:69,2
DA:72,1
DA:76,3
DA:78,3
DA:79,1
DA:82,3
DA:83,1
DA:86,2
DA:90,1
DA:91,1
DA:97,0
DA:102,1
DA:103,1
DA:109,1
DA:110,2
DA:111,1
DA:115,1
DA:117,0
DA:122,3
DA:123,3
DA:124,3
DA:126,0
DA:131,1
DA:132,1
DA:134,1
DA:136,1
DA:137,3
DA:138,0
DA:142,1
DA:144,0
DA:150,1
DA:151,1
DA:152,1
DA:154,0
DA:158,1
LF:61
LH:55
BRDA:22,0,0,1
BRDA:22,1,0,3
BRDA:22,1,1,3
BRDA:22,1,2,2
BRDA:28,2,0,1
BRDA:32,3,0,1
BRDA:44,4,0,1
BRDA:44,5,0,4
BRDA:44,5,1,4
BRDA:44,5,2,3
BRDA:53,6,0,1
BRDA:60,7,0,1
BRDA:64,8,0,2
BRDA:68,9,0,2
BRDA:78,10,0,1
BRDA:82,11,0,1
BRDA:110,12,0,1
BRDA:137,13,0,0
BRF:18
BRH:17
end_of_record
TN:
SF:src/service/userService.ts
FN:6,createUserService
FN:7,validateCredentials
FN:30,validateLogin
FN:51,validateRegistration
FN:87,validateUsername
FN:98,validatePassword
FN:108,credentialsMatch
FN:113,getUserByUsername
FN:118,userExists
FN:131,createUser
FNF:10
FNH:7
FNDA:1,createUserService
FNDA:5,validateCredentials
FNDA:3,validateLogin
FNDA:2,validateRegistration
FNDA:1,validateUsername
FNDA:1,validatePassword
FNDA:0,credentialsMatch
FNDA:0,getUserByUsername
FNDA:4,userExists
FNDA:0,createUser
DA:1,1
DA:3,1
DA:4,1
DA:6,1
DA:8,5
DA:10,5
DA:11,0
DA:12,0
DA:15,5
DA:16,1
DA:19,5
DA:20,1
DA:23,5
DA:24,1
DA:27,4
DA:31,3
DA:33,3
DA:34,1
DA:37,2
DA:38,2
DA:39,2
DA:40,1
DA:43,1
DA:44,1
DA:45,1
DA:47,0
DA:52,2
DA:54,2
DA:55,0
DA:58,2
DA:59,2
DA:60,1
DA:61,1
DA:62,1
DA:65,1
DA:66,0
DA:69,1
DA:70,0
DA:73,1
DA:74,0
DA:75,0
DA:78,1
DA:80,0
DA:88,1
DA:89,0
DA:92,1
DA:99,1
DA:100,0
DA:103,1
DA:109,0
DA:114,0
DA:115,0
DA:119,4
DA:120,4
DA:121,4
DA:123,0
DA:124,0
DA:127,0
DA:132,0
DA:133,0
DA:140,0
DA:144,1
LF:62
LH:42
BRDA:10,0,0,0
BRDA:15,1,0,1
BRDA:19,2,0,1
BRDA:23,3,0,1
BRDA:33,4,0,1
BRDA:39,5,0,1
BRDA:54,6,0,0
BRDA:59,7,0,1
BRDA:65,8,0,0
BRDA:69,9,0,0
BRDA:73,10,0,0
BRDA:88,11,0,0
BRDA:88,12,0,1
BRDA:88,12,1,1
BRDA:99,13,0,0
BRDA:99,14,0,1
BRDA:99,14,1,1
BRDA:109,15,0,0
BRDA:109,15,1,0
BRDA:121,16,0,4
BRDA:121,16,1,2
BRDA:121,16,2,2
BRDA:121,16,3,2
BRDA:123,17,0,0
BRF:24
BRH:14
end_of_record
TN:
SF:src/util/errors.ts
FN:2,(anonymous_0)
FNF:1
FNH:0
FNDA:0,(anonymous_0)
DA:1,1
DA:3,0
LF:2
LH:1
BRF:0
BRH:0
end_of_record
