{"C:\\Users\\Owner\\Documents\\Revature\\TeamProject\\meaningful-meals\\source-code\\back-end\\src\\repository\\recipeDAO.ts": {"path":"C:\\Users\\Owner\\Documents\\Revature\\TeamProject\\meaningful-meals\\source-code\\back-end\\src\\repository\\recipeDAO.ts","statementMap":{"0":{"start":{"line":1,"column":0},"end":{"line":1,"column":27}},"1":{"start":{"line":2,"column":27},"end":{"line":2,"column":62}},"2":{"start":{"line":8,"column":4},"end":{"line":8,"column":36}},"3":{"start":{"line":9,"column":15},"end":{"line":9,"column":69}},"4":{"start":{"line":10,"column":23},"end":{"line":10,"column":58}},"5":{"start":{"line":11,"column":0},"end":{"line":11,"column":40}},"6":{"start":{"line":14,"column":30},"end":{"line":14,"column":65}},"7":{"start":{"line":18,"column":18},"end":{"line":24,"column":4}},"8":{"start":{"line":26,"column":2},"end":{"line":32,"column":3}},"9":{"start":{"line":27,"column":17},"end":{"line":27,"column":51}},"10":{"start":{"line":28,"column":4},"end":{"line":28,"column":28}},"11":{"start":{"line":29,"column":4},"end":{"line":29,"column":22}},"12":{"start":{"line":31,"column":4},"end":{"line":31,"column":22}},"13":{"start":{"line":34,"column":2},"end":{"line":34,"column":14}},"14":{"start":{"line":38,"column":18},"end":{"line":48,"column":4}},"15":{"start":{"line":49,"column":2},"end":{"line":56,"column":3}},"16":{"start":{"line":50,"column":21},"end":{"line":50,"column":55}},"17":{"start":{"line":51,"column":4},"end":{"line":51,"column":62}},"18":{"start":{"line":53,"column":4},"end":{"line":53,"column":20}},"19":{"start":{"line":55,"column":4},"end":{"line":55,"column":53}},"20":{"start":{"line":60,"column":18},"end":{"line":69,"column":4}},"21":{"start":{"line":70,"column":2},"end":{"line":77,"column":3}},"22":{"start":{"line":71,"column":21},"end":{"line":71,"column":55}},"23":{"start":{"line":72,"column":4},"end":{"line":72,"column":62}},"24":{"start":{"line":74,"column":4},"end":{"line":74,"column":20}},"25":{"start":{"line":76,"column":4},"end":{"line":76,"column":53}},"26":{"start":{"line":81,"column":2},"end":{"line":81,"column":22}},"27":{"start":{"line":83,"column":18},"end":{"line":88,"column":4}},"28":{"start":{"line":89,"column":2},"end":{"line":95,"column":3}},"29":{"start":{"line":90,"column":21},"end":{"line":90,"column":55}},"30":{"start":{"line":91,"column":4},"end":{"line":91,"column":65}},"31":{"start":{"line":92,"column":4},"end":{"line":92,"column":20}},"32":{"start":{"line":94,"column":4},"end":{"line":94,"column":56}},"33":{"start":{"line":98,"column":0},"end":{"line":103,"column":2}}},"fnMap":{"0":{"name":"getRecipesByUsername","decl":{"start":{"line":17,"column":15},"end":{"line":17,"column":35}},"loc":{"start":{"line":17,"column":49},"end":{"line":35,"column":null}}},"1":{"name":"updateRecipe","decl":{"start":{"line":37,"column":15},"end":{"line":37,"column":27}},"loc":{"start":{"line":37,"column":39},"end":{"line":57,"column":null}}},"2":{"name":"postRecipe","decl":{"start":{"line":59,"column":15},"end":{"line":59,"column":25}},"loc":{"start":{"line":59,"column":37},"end":{"line":78,"column":null}}},"3":{"name":"deleteRecipe","decl":{"start":{"line":80,"column":15},"end":{"line":80,"column":27}},"loc":{"start":{"line":80,"column":39},"end":{"line":96,"column":null}}}},"branchMap":{},"s":{"0":1,"1":1,"2":1,"3":1,"4":1,"5":1,"6":1,"7":0,"8":0,"9":0,"10":0,"11":0,"12":0,"13":0,"14":0,"15":0,"16":0,"17":0,"18":0,"19":0,"20":0,"21":0,"22":0,"23":0,"24":0,"25":0,"26":0,"27":0,"28":0,"29":0,"30":0,"31":0,"32":0,"33":1},"f":{"0":0,"1":0,"2":0,"3":0},"b":{}}
,"C:\\Users\\Owner\\Documents\\Revature\\TeamProject\\meaningful-meals\\source-code\\back-end\\src\\service\\recipeService.ts": {"path":"C:\\Users\\Owner\\Documents\\Revature\\TeamProject\\meaningful-meals\\source-code\\back-end\\src\\service\\recipeService.ts","statementMap":{"0":{"start":{"line":1,"column":0},"end":{"line":1,"column":28}},"1":{"start":{"line":2,"column":0},"end":{"line":2,"column":16}},"2":{"start":{"line":3,"column":0},"end":{"line":3,"column":34}},"3":{"start":{"line":5,"column":0},"end":{"line":5,"column":48}},"4":{"start":{"line":7,"column":0},"end":{"line":7,"column":26}},"5":{"start":{"line":8,"column":28},"end":{"line":8,"column":59}},"6":{"start":{"line":13,"column":17},"end":{"line":16,"column":null}},"7":{"start":{"line":19,"column":2},"end":{"line":19,"column":21}},"8":{"start":{"line":25,"column":17},"end":{"line":28,"column":null}},"9":{"start":{"line":31,"column":2},"end":{"line":31,"column":21}},"10":{"start":{"line":35,"column":2},"end":{"line":35,"column":24}},"11":{"start":{"line":37,"column":20},"end":{"line":37,"column":66}},"12":{"start":{"line":39,"column":2},"end":{"line":39,"column":20}},"13":{"start":{"line":41,"column":2},"end":{"line":41,"column":28}},"14":{"start":{"line":45,"column":2},"end":{"line":45,"column":78}},"15":{"start":{"line":47,"column":13},"end":{"line":53,"column":4}},"16":{"start":{"line":54,"column":2},"end":{"line":54,"column":20}},"17":{"start":{"line":55,"column":2},"end":{"line":55,"column":28}},"18":{"start":{"line":59,"column":13},"end":{"line":65,"column":4}},"19":{"start":{"line":66,"column":2},"end":{"line":66,"column":20}},"20":{"start":{"line":67,"column":2},"end":{"line":67,"column":28}},"21":{"start":{"line":71,"column":2},"end":{"line":71,"column":28}},"22":{"start":{"line":73,"column":13},"end":{"line":73,"column":55}},"23":{"start":{"line":74,"column":2},"end":{"line":74,"column":20}},"24":{"start":{"line":75,"column":2},"end":{"line":75,"column":28}},"25":{"start":{"line":78,"column":0},"end":{"line":85,"column":2}}},"fnMap":{"0":{"name":"searchRecipes","decl":{"start":{"line":12,"column":15},"end":{"line":12,"column":28}},"loc":{"start":{"line":12,"column":42},"end":{"line":20,"column":null}}},"1":{"name":"getRecipe","decl":{"start":{"line":24,"column":15},"end":{"line":24,"column":24}},"loc":{"start":{"line":24,"column":35},"end":{"line":32,"column":null}}},"2":{"name":"getUserRecipes","decl":{"start":{"line":34,"column":15},"end":{"line":34,"column":29}},"loc":{"start":{"line":34,"column":46},"end":{"line":42,"column":null}}},"3":{"name":"putRecipe","decl":{"start":{"line":44,"column":15},"end":{"line":44,"column":24}},"loc":{"start":{"line":44,"column":42},"end":{"line":56,"column":null}}},"4":{"name":"createRecipe","decl":{"start":{"line":58,"column":15},"end":{"line":58,"column":27}},"loc":{"start":{"line":58,"column":45},"end":{"line":68,"column":null}}},"5":{"name":"deleteRecipe","decl":{"start":{"line":70,"column":15},"end":{"line":70,"column":27}},"loc":{"start":{"line":70,"column":45},"end":{"line":76,"column":null}}}},"branchMap":{"0":{"loc":{"start":{"line":41,"column":9},"end":{"line":41,"column":27}},"type":"cond-expr","locations":[{"start":{"line":41,"column":16},"end":{"line":41,"column":20}},{"start":{"line":41,"column":23},"end":{"line":41,"column":27}}]},"1":{"loc":{"start":{"line":55,"column":9},"end":{"line":55,"column":27}},"type":"cond-expr","locations":[{"start":{"line":55,"column":16},"end":{"line":55,"column":20}},{"start":{"line":55,"column":23},"end":{"line":55,"column":27}}]},"2":{"loc":{"start":{"line":67,"column":9},"end":{"line":67,"column":27}},"type":"cond-expr","locations":[{"start":{"line":67,"column":16},"end":{"line":67,"column":20}},{"start":{"line":67,"column":23},"end":{"line":67,"column":27}}]},"3":{"loc":{"start":{"line":75,"column":9},"end":{"line":75,"column":27}},"type":"cond-expr","locations":[{"start":{"line":75,"column":16},"end":{"line":75,"column":20}},{"start":{"line":75,"column":23},"end":{"line":75,"column":27}}]}},"s":{"0":1,"1":1,"2":1,"3":1,"4":1,"5":1,"6":0,"7":0,"8":0,"9":0,"10":0,"11":0,"12":0,"13":0,"14":0,"15":0,"16":0,"17":0,"18":0,"19":0,"20":0,"21":0,"22":0,"23":0,"24":0,"25":1},"f":{"0":0,"1":0,"2":0,"3":0,"4":0,"5":0},"b":{"0":[0,0],"1":[0,0],"2":[0,0],"3":[0,0]}}
,"C:\\Users\\Owner\\Documents\\Revature\\TeamProject\\meaningful-meals\\source-code\\back-end\\src\\service\\userService.ts": {"path":"C:\\Users\\Owner\\Documents\\Revature\\TeamProject\\meaningful-meals\\source-code\\back-end\\src\\service\\userService.ts","statementMap":{"0":{"start":{"line":1,"column":0},"end":{"line":1,"column":55}},"1":{"start":{"line":3,"column":0},"end":{"line":3,"column":34}},"2":{"start":{"line":4,"column":0},"end":{"line":4,"column":28}},"3":{"start":{"line":8,"column":27},"end":{"line":8,"column":29}},"4":{"start":{"line":10,"column":2},"end":{"line":13,"column":3}},"5":{"start":{"line":11,"column":3},"end":{"line":11,"column":39}},"6":{"start":{"line":12,"column":3},"end":{"line":12,"column":37}},"7":{"start":{"line":15,"column":2},"end":{"line":17,"column":3}},"8":{"start":{"line":16,"column":3},"end":{"line":16,"column":35}},"9":{"start":{"line":19,"column":2},"end":{"line":21,"column":3}},"10":{"start":{"line":20,"column":3},"end":{"line":20,"column":35}},"11":{"start":{"line":23,"column":2},"end":{"line":25,"column":3}},"12":{"start":{"line":24,"column":3},"end":{"line":24,"column":37}},"13":{"start":{"line":27,"column":2},"end":{"line":27,"column":35}},"14":{"start":{"line":31,"column":33},"end":{"line":31,"column":65}},"15":{"start":{"line":33,"column":2},"end":{"line":35,"column":3}},"16":{"start":{"line":34,"column":3},"end":{"line":34,"column":21}},"17":{"start":{"line":37,"column":2},"end":{"line":48,"column":3}},"18":{"start":{"line":38,"column":18},"end":{"line":38,"column":56}},"19":{"start":{"line":39,"column":3},"end":{"line":41,"column":4}},"20":{"start":{"line":40,"column":4},"end":{"line":40,"column":22}},"21":{"start":{"line":43,"column":3},"end":{"line":43,"column":30}},"22":{"start":{"line":44,"column":3},"end":{"line":44,"column":49}},"23":{"start":{"line":45,"column":3},"end":{"line":45,"column":21}},"24":{"start":{"line":47,"column":3},"end":{"line":47,"column":13}},"25":{"start":{"line":52,"column":33},"end":{"line":52,"column":65}},"26":{"start":{"line":54,"column":2},"end":{"line":56,"column":3}},"27":{"start":{"line":55,"column":3},"end":{"line":55,"column":21}},"28":{"start":{"line":58,"column":2},"end":{"line":81,"column":3}},"29":{"start":{"line":59,"column":3},"end":{"line":63,"column":4}},"30":{"start":{"line":60,"column":4},"end":{"line":60,"column":31}},"31":{"start":{"line":61,"column":4},"end":{"line":61,"column":42}},"32":{"start":{"line":62,"column":4},"end":{"line":62,"column":22}},"33":{"start":{"line":65,"column":3},"end":{"line":67,"column":4}},"34":{"start":{"line":66,"column":4},"end":{"line":66,"column":47}},"35":{"start":{"line":69,"column":3},"end":{"line":71,"column":4}},"36":{"start":{"line":70,"column":4},"end":{"line":70,"column":47}},"37":{"start":{"line":73,"column":3},"end":{"line":76,"column":4}},"38":{"start":{"line":74,"column":4},"end":{"line":74,"column":31}},"39":{"start":{"line":75,"column":4},"end":{"line":75,"column":22}},"40":{"start":{"line":78,"column":3},"end":{"line":78,"column":21}},"41":{"start":{"line":80,"column":3},"end":{"line":80,"column":13}},"42":{"start":{"line":88,"column":2},"end":{"line":90,"column":3}},"43":{"start":{"line":89,"column":3},"end":{"line":89,"column":16}},"44":{"start":{"line":92,"column":2},"end":{"line":92,"column":14}},"45":{"start":{"line":99,"column":2},"end":{"line":101,"column":3}},"46":{"start":{"line":100,"column":3},"end":{"line":100,"column":16}},"47":{"start":{"line":103,"column":2},"end":{"line":103,"column":14}},"48":{"start":{"line":109,"column":2},"end":{"line":110,"column":70}},"49":{"start":{"line":114,"column":15},"end":{"line":114,"column":52}},"50":{"start":{"line":115,"column":2},"end":{"line":115,"column":14}},"51":{"start":{"line":119,"column":2},"end":{"line":128,"column":3}},"52":{"start":{"line":120,"column":16},"end":{"line":120,"column":53}},"53":{"start":{"line":121,"column":3},"end":{"line":121,"column":65}},"54":{"start":{"line":123,"column":3},"end":{"line":125,"column":4}},"55":{"start":{"line":124,"column":4},"end":{"line":124,"column":17}},"56":{"start":{"line":127,"column":3},"end":{"line":127,"column":13}},"57":{"start":{"line":132,"column":2},"end":{"line":141,"column":3}},"58":{"start":{"line":133,"column":3},"end":{"line":138,"column":6}},"59":{"start":{"line":140,"column":3},"end":{"line":140,"column":13}},"60":{"start":{"line":144,"column":1},"end":{"line":151,"column":3}},"61":{"start":{"line":6,"column":0},"end":{"line":6,"column":24}}},"fnMap":{"0":{"name":"createUserService","decl":{"start":{"line":6,"column":24},"end":{"line":6,"column":41}},"loc":{"start":{"line":6,"column":50},"end":{"line":152,"column":1}}},"1":{"name":"validateCredentials","decl":{"start":{"line":7,"column":10},"end":{"line":7,"column":29}},"loc":{"start":{"line":7,"column":46},"end":{"line":28,"column":2}}},"2":{"name":"validateLogin","decl":{"start":{"line":30,"column":16},"end":{"line":30,"column":29}},"loc":{"start":{"line":30,"column":46},"end":{"line":49,"column":null}}},"3":{"name":"validateRegistration","decl":{"start":{"line":51,"column":16},"end":{"line":51,"column":36}},"loc":{"start":{"line":51,"column":53},"end":{"line":82,"column":null}}},"4":{"name":"validateUsername","decl":{"start":{"line":87,"column":10},"end":{"line":87,"column":26}},"loc":{"start":{"line":87,"column":43},"end":{"line":93,"column":2}}},"5":{"name":"validatePassword","decl":{"start":{"line":98,"column":10},"end":{"line":98,"column":26}},"loc":{"start":{"line":98,"column":43},"end":{"line":104,"column":2}}},"6":{"name":"credentialsMatch","decl":{"start":{"line":108,"column":16},"end":{"line":108,"column":32}},"loc":{"start":{"line":108,"column":66},"end":{"line":111,"column":null}}},"7":{"name":"getUserByUsername","decl":{"start":{"line":113,"column":16},"end":{"line":113,"column":33}},"loc":{"start":{"line":113,"column":50},"end":{"line":116,"column":null}}},"8":{"name":"userExists","decl":{"start":{"line":118,"column":16},"end":{"line":118,"column":26}},"loc":{"start":{"line":118,"column":43},"end":{"line":129,"column":null}}},"9":{"name":"createUser","decl":{"start":{"line":131,"column":16},"end":{"line":131,"column":26}},"loc":{"start":{"line":131,"column":36},"end":{"line":142,"column":null}}}},"branchMap":{"0":{"loc":{"start":{"line":10,"column":2},"end":{"line":13,"column":3}},"type":"if","locations":[{"start":{"line":10,"column":2},"end":{"line":13,"column":3}}]},"1":{"loc":{"start":{"line":15,"column":2},"end":{"line":17,"column":3}},"type":"if","locations":[{"start":{"line":15,"column":2},"end":{"line":17,"column":3}}]},"2":{"loc":{"start":{"line":19,"column":2},"end":{"line":21,"column":3}},"type":"if","locations":[{"start":{"line":19,"column":2},"end":{"line":21,"column":3}}]},"3":{"loc":{"start":{"line":23,"column":2},"end":{"line":25,"column":3}},"type":"if","locations":[{"start":{"line":23,"column":2},"end":{"line":25,"column":3}}]},"4":{"loc":{"start":{"line":33,"column":2},"end":{"line":35,"column":3}},"type":"if","locations":[{"start":{"line":33,"column":2},"end":{"line":35,"column":3}}]},"5":{"loc":{"start":{"line":39,"column":3},"end":{"line":41,"column":4}},"type":"if","locations":[{"start":{"line":39,"column":3},"end":{"line":41,"column":4}}]},"6":{"loc":{"start":{"line":54,"column":2},"end":{"line":56,"column":3}},"type":"if","locations":[{"start":{"line":54,"column":2},"end":{"line":56,"column":3}}]},"7":{"loc":{"start":{"line":59,"column":3},"end":{"line":63,"column":4}},"type":"if","locations":[{"start":{"line":59,"column":3},"end":{"line":63,"column":4}}]},"8":{"loc":{"start":{"line":65,"column":3},"end":{"line":67,"column":4}},"type":"if","locations":[{"start":{"line":65,"column":3},"end":{"line":67,"column":4}}]},"9":{"loc":{"start":{"line":69,"column":3},"end":{"line":71,"column":4}},"type":"if","locations":[{"start":{"line":69,"column":3},"end":{"line":71,"column":4}}]},"10":{"loc":{"start":{"line":73,"column":3},"end":{"line":76,"column":4}},"type":"if","locations":[{"start":{"line":73,"column":3},"end":{"line":76,"column":4}}]},"11":{"loc":{"start":{"line":88,"column":2},"end":{"line":90,"column":3}},"type":"if","locations":[{"start":{"line":88,"column":2},"end":{"line":90,"column":3}}]},"12":{"loc":{"start":{"line":88,"column":6},"end":{"line":88,"column":57}},"type":"binary-expr","locations":[{"start":{"line":88,"column":6},"end":{"line":88,"column":34}},{"start":{"line":88,"column":38},"end":{"line":88,"column":57}}]},"13":{"loc":{"start":{"line":99,"column":2},"end":{"line":101,"column":3}},"type":"if","locations":[{"start":{"line":99,"column":2},"end":{"line":101,"column":3}}]},"14":{"loc":{"start":{"line":99,"column":6},"end":{"line":99,"column":57}},"type":"binary-expr","locations":[{"start":{"line":99,"column":6},"end":{"line":99,"column":34}},{"start":{"line":99,"column":38},"end":{"line":99,"column":57}}]},"15":{"loc":{"start":{"line":109,"column":9},"end":{"line":110,"column":70}},"type":"binary-expr","locations":[{"start":{"line":109,"column":9},"end":{"line":109,"column":53}},{"start":{"line":110,"column":6},"end":{"line":110,"column":69}}]},"16":{"loc":{"start":{"line":121,"column":10},"end":{"line":121,"column":64}},"type":"binary-expr","locations":[{"start":{"line":121,"column":10},"end":{"line":121,"column":14}},{"start":{"line":121,"column":18},"end":{"line":121,"column":30}},{"start":{"line":121,"column":34},"end":{"line":121,"column":47}},{"start":{"line":121,"column":51},"end":{"line":121,"column":64}}]},"17":{"loc":{"start":{"line":123,"column":3},"end":{"line":125,"column":4}},"type":"if","locations":[{"start":{"line":123,"column":3},"end":{"line":125,"column":4}}]}},"s":{"0":1,"1":1,"2":1,"3":5,"4":5,"5":0,"6":0,"7":5,"8":1,"9":5,"10":1,"11":5,"12":1,"13":4,"14":3,"15":3,"16":1,"17":2,"18":2,"19":2,"20":1,"21":1,"22":1,"23":1,"24":0,"25":2,"26":2,"27":0,"28":2,"29":2,"30":1,"31":1,"32":1,"33":1,"34":0,"35":1,"36":0,"37":1,"38":0,"39":0,"40":1,"41":0,"42":1,"43":0,"44":1,"45":1,"46":0,"47":1,"48":0,"49":0,"50":0,"51":4,"52":4,"53":4,"54":0,"55":0,"56":0,"57":0,"58":0,"59":0,"60":1,"61":1},"f":{"0":1,"1":5,"2":3,"3":2,"4":1,"5":1,"6":0,"7":0,"8":4,"9":0},"b":{"0":[0],"1":[1],"2":[1],"3":[1],"4":[1],"5":[1],"6":[0],"7":[1],"8":[0],"9":[0],"10":[0],"11":[0],"12":[1,1],"13":[0],"14":[1,1],"15":[0,0],"16":[4,2,2,2],"17":[0]}}
,"C:\\Users\\Owner\\Documents\\Revature\\TeamProject\\meaningful-meals\\source-code\\back-end\\src\\util\\authenticateBody.ts": {"path":"C:\\Users\\Owner\\Documents\\Revature\\TeamProject\\meaningful-meals\\source-code\\back-end\\src\\util\\authenticateBody.ts","statementMap":{"0":{"start":{"line":1,"column":0},"end":{"line":1,"column":34}},"1":{"start":{"line":3,"column":26},"end":{"line":15,"column":1}},"2":{"start":{"line":4,"column":1},"end":{"line":13,"column":2}},"3":{"start":{"line":11,"column":2},"end":{"line":11,"column":52}},"4":{"start":{"line":12,"column":2},"end":{"line":12,"column":68}},"5":{"start":{"line":14,"column":1},"end":{"line":14,"column":8}},"6":{"start":{"line":81,"column":9},"end":{"line":81,"column":26}},"7":{"start":{"line":16,"column":29},"end":{"line":32,"column":1}},"8":{"start":{"line":17,"column":1},"end":{"line":17,"column":54}},"9":{"start":{"line":18,"column":1},"end":{"line":22,"column":2}},"10":{"start":{"line":19,"column":2},"end":{"line":19,"column":63}},"11":{"start":{"line":20,"column":2},"end":{"line":20,"column":76}},"12":{"start":{"line":21,"column":2},"end":{"line":21,"column":92}},"13":{"start":{"line":24,"column":1},"end":{"line":28,"column":2}},"14":{"start":{"line":25,"column":2},"end":{"line":25,"column":45}},"15":{"start":{"line":26,"column":2},"end":{"line":26,"column":58}},"16":{"start":{"line":27,"column":2},"end":{"line":27,"column":68}},"17":{"start":{"line":30,"column":1},"end":{"line":30,"column":41}},"18":{"start":{"line":31,"column":1},"end":{"line":31,"column":8}},"19":{"start":{"line":81,"column":28},"end":{"line":81,"column":48}},"20":{"start":{"line":34,"column":27},"end":{"line":44,"column":1}},"21":{"start":{"line":35,"column":1},"end":{"line":35,"column":35}},"22":{"start":{"line":36,"column":1},"end":{"line":40,"column":2}},"23":{"start":{"line":37,"column":2},"end":{"line":37,"column":57}},"24":{"start":{"line":38,"column":2},"end":{"line":38,"column":70}},"25":{"start":{"line":39,"column":2},"end":{"line":39,"column":86}},"26":{"start":{"line":42,"column":1},"end":{"line":42,"column":41}},"27":{"start":{"line":43,"column":1},"end":{"line":43,"column":8}},"28":{"start":{"line":81,"column":50},"end":{"line":81,"column":68}},"29":{"start":{"line":45,"column":25},"end":{"line":55,"column":1}},"30":{"start":{"line":46,"column":1},"end":{"line":46,"column":33}},"31":{"start":{"line":47,"column":1},"end":{"line":51,"column":2}},"32":{"start":{"line":48,"column":2},"end":{"line":48,"column":61}},"33":{"start":{"line":49,"column":2},"end":{"line":49,"column":100}},"34":{"start":{"line":50,"column":2},"end":{"line":50,"column":90}},"35":{"start":{"line":53,"column":1},"end":{"line":53,"column":39}},"36":{"start":{"line":54,"column":1},"end":{"line":54,"column":8}},"37":{"start":{"line":81,"column":70},"end":{"line":81,"column":86}},"38":{"start":{"line":61,"column":1},"end":{"line":63,"column":2}},"39":{"start":{"line":62,"column":2},"end":{"line":62,"column":15}},"40":{"start":{"line":65,"column":1},"end":{"line":65,"column":13}},"41":{"start":{"line":73,"column":1},"end":{"line":75,"column":2}},"42":{"start":{"line":74,"column":2},"end":{"line":74,"column":15}},"43":{"start":{"line":77,"column":1},"end":{"line":77,"column":13}}},"fnMap":{"0":{"name":"(anonymous_0)","decl":{"start":{"line":3,"column":26},"end":{"line":3,"column":27}},"loc":{"start":{"line":3,"column":60},"end":{"line":15,"column":1}}},"1":{"name":"(anonymous_1)","decl":{"start":{"line":16,"column":29},"end":{"line":16,"column":30}},"loc":{"start":{"line":16,"column":63},"end":{"line":32,"column":1}}},"2":{"name":"(anonymous_2)","decl":{"start":{"line":34,"column":27},"end":{"line":34,"column":28}},"loc":{"start":{"line":34,"column":61},"end":{"line":44,"column":1}}},"3":{"name":"(anonymous_3)","decl":{"start":{"line":45,"column":25},"end":{"line":45,"column":26}},"loc":{"start":{"line":45,"column":59},"end":{"line":55,"column":1}}},"4":{"name":"validUsername","decl":{"start":{"line":60,"column":9},"end":{"line":60,"column":22}},"loc":{"start":{"line":60,"column":39},"end":{"line":66,"column":1}}},"5":{"name":"validPassword","decl":{"start":{"line":72,"column":9},"end":{"line":72,"column":22}},"loc":{"start":{"line":72,"column":39},"end":{"line":78,"column":1}}}},"branchMap":{"0":{"loc":{"start":{"line":4,"column":1},"end":{"line":13,"column":2}},"type":"if","locations":[{"start":{"line":4,"column":1},"end":{"line":13,"column":2}}]},"1":{"loc":{"start":{"line":5,"column":2},"end":{"line":9,"column":35}},"type":"binary-expr","locations":[{"start":{"line":5,"column":2},"end":{"line":5,"column":11}},{"start":{"line":6,"column":2},"end":{"line":6,"column":20}},{"start":{"line":7,"column":2},"end":{"line":7,"column":20}},{"start":{"line":8,"column":2},"end":{"line":8,"column":35}},{"start":{"line":9,"column":2},"end":{"line":9,"column":35}}]},"2":{"loc":{"start":{"line":18,"column":1},"end":{"line":22,"column":2}},"type":"if","locations":[{"start":{"line":18,"column":1},"end":{"line":22,"column":2}}]},"3":{"loc":{"start":{"line":18,"column":5},"end":{"line":18,"column":58}},"type":"binary-expr","locations":[{"start":{"line":18,"column":5},"end":{"line":18,"column":14}},{"start":{"line":18,"column":18},"end":{"line":18,"column":36}},{"start":{"line":18,"column":40},"end":{"line":18,"column":58}}]},"4":{"loc":{"start":{"line":24,"column":1},"end":{"line":28,"column":2}},"type":"if","locations":[{"start":{"line":24,"column":1},"end":{"line":28,"column":2}}]},"5":{"loc":{"start":{"line":24,"column":5},"end":{"line":24,"column":75}},"type":"binary-expr","locations":[{"start":{"line":24,"column":5},"end":{"line":24,"column":38}},{"start":{"line":24,"column":42},"end":{"line":24,"column":75}}]},"6":{"loc":{"start":{"line":36,"column":1},"end":{"line":40,"column":2}},"type":"if","locations":[{"start":{"line":36,"column":1},"end":{"line":40,"column":2}}]},"7":{"loc":{"start":{"line":36,"column":5},"end":{"line":36,"column":101}},"type":"binary-expr","locations":[{"start":{"line":36,"column":5},"end":{"line":36,"column":14}},{"start":{"line":36,"column":17},"end":{"line":36,"column":32}},{"start":{"line":36,"column":36},"end":{"line":36,"column":57}},{"start":{"line":36,"column":61},"end":{"line":36,"column":83}},{"start":{"line":36,"column":87},"end":{"line":36,"column":101}}]},"8":{"loc":{"start":{"line":47,"column":1},"end":{"line":51,"column":2}},"type":"if","locations":[{"start":{"line":47,"column":1},"end":{"line":51,"column":2}}]},"9":{"loc":{"start":{"line":47,"column":5},"end":{"line":47,"column":34}},"type":"binary-expr","locations":[{"start":{"line":47,"column":5},"end":{"line":47,"column":16}},{"start":{"line":47,"column":20},"end":{"line":47,"column":34}}]},"10":{"loc":{"start":{"line":49,"column":62},"end":{"line":49,"column":96}},"type":"cond-expr","locations":[{"start":{"line":49,"column":75},"end":{"line":49,"column":88}},{"start":{"line":49,"column":91},"end":{"line":49,"column":96}}]},"11":{"loc":{"start":{"line":61,"column":1},"end":{"line":63,"column":2}},"type":"if","locations":[{"start":{"line":61,"column":1},"end":{"line":63,"column":2}}]},"12":{"loc":{"start":{"line":61,"column":5},"end":{"line":61,"column":56}},"type":"binary-expr","locations":[{"start":{"line":61,"column":5},"end":{"line":61,"column":33}},{"start":{"line":61,"column":37},"end":{"line":61,"column":56}}]},"13":{"loc":{"start":{"line":73,"column":1},"end":{"line":75,"column":2}},"type":"if","locations":[{"start":{"line":73,"column":1},"end":{"line":75,"column":2}}]},"14":{"loc":{"start":{"line":73,"column":5},"end":{"line":73,"column":56}},"type":"binary-expr","locations":[{"start":{"line":73,"column":5},"end":{"line":73,"column":33}},{"start":{"line":73,"column":37},"end":{"line":73,"column":56}}]}},"s":{"0":1,"1":1,"2":0,"3":0,"4":0,"5":0,"6":1,"7":1,"8":0,"9":0,"10":0,"11":0,"12":0,"13":0,"14":0,"15":0,"16":0,"17":0,"18":0,"19":1,"20":1,"21":6,"22":6,"23":5,"24":5,"25":5,"26":1,"27":1,"28":1,"29":1,"30":3,"31":3,"32":2,"33":2,"34":2,"35":1,"36":1,"37":1,"38":0,"39":0,"40":0,"41":0,"42":0,"43":0},"f":{"0":0,"1":0,"2":6,"3":3,"4":0,"5":0},"b":{"0":[0],"1":[0,0,0,0,0],"2":[0],"3":[0,0,0],"4":[0],"5":[0,0],"6":[5],"7":[6,5,4,3,2],"8":[2],"9":[3,2],"10":[1,1],"11":[0],"12":[0,0],"13":[0],"14":[0,0]}}
,"C:\\Users\\Owner\\Documents\\Revature\\TeamProject\\meaningful-meals\\source-code\\back-end\\src\\util\\errors.ts": {"path":"C:\\Users\\Owner\\Documents\\Revature\\TeamProject\\meaningful-meals\\source-code\\back-end\\src\\util\\errors.ts","statementMap":{"0":{"start":{"line":3,"column":2},"end":{"line":3,"column":31}},"1":{"start":{"line":1,"column":0},"end":{"line":1,"column":13}}},"fnMap":{"0":{"name":"(anonymous_0)","decl":{"start":{"line":2,"column":1},"end":{"line":2,"column":null}},"loc":{"start":{"line":2,"column":1},"end":{"line":4,"column":2}}}},"branchMap":{},"s":{"0":0,"1":1},"f":{"0":0},"b":{}}
,"C:\\Users\\Owner\\Documents\\Revature\\TeamProject\\meaningful-meals\\source-code\\back-end\\src\\util\\logger.ts": {"path":"C:\\Users\\Owner\\Documents\\Revature\\TeamProject\\meaningful-meals\\source-code\\back-end\\src\\util\\logger.ts","statementMap":{"0":{"start":{"line":1,"column":45},"end":{"line":1,"column":63}},"1":{"start":{"line":3,"column":15},"end":{"line":15,"column":2}},"2":{"start":{"line":8,"column":6},"end":{"line":8,"column":51}},"3":{"start":{"line":17,"column":9},"end":{"line":17,"column":15}}},"fnMap":{"0":{"name":"(anonymous_0)","decl":{"start":{"line":7,"column":18},"end":{"line":7,"column":19}},"loc":{"start":{"line":7,"column":57},"end":{"line":9,"column":5}}}},"branchMap":{},"s":{"0":2,"1":2,"2":7,"3":2},"f":{"0":7},"b":{}}
}
