{"/Users/ghabrilleampo/Documents/Personal/Revature/1821 Serverless NERD Projects/meaningful-meals/source-code/back-end/src/service/commentService.ts": {"path":"/Users/ghabrilleampo/Documents/Personal/Revature/1821 Serverless NERD Projects/meaningful-meals/source-code/back-end/src/service/commentService.ts","statementMap":{"0":{"start":{"line":1,"column":0},"end":{"line":1,"column":34}},"1":{"start":{"line":26,"column":29},"end":{"line":26,"column":31}},"2":{"start":{"line":28,"column":4},"end":{"line":31,"column":5}},"3":{"start":{"line":29,"column":6},"end":{"line":29,"column":37}},"4":{"start":{"line":30,"column":6},"end":{"line":30,"column":40}},"5":{"start":{"line":33,"column":20},"end":{"line":33,"column":69}},"6":{"start":{"line":35,"column":4},"end":{"line":37,"column":5}},"7":{"start":{"line":36,"column":6},"end":{"line":36,"column":44}},"8":{"start":{"line":40,"column":4},"end":{"line":42,"column":5}},"9":{"start":{"line":41,"column":6},"end":{"line":41,"column":42}},"10":{"start":{"line":44,"column":4},"end":{"line":46,"column":5}},"11":{"start":{"line":45,"column":6},"end":{"line":45,"column":40}},"12":{"start":{"line":48,"column":4},"end":{"line":48,"column":37}},"13":{"start":{"line":54,"column":29},"end":{"line":54,"column":31}},"14":{"start":{"line":56,"column":4},"end":{"line":59,"column":5}},"15":{"start":{"line":57,"column":6},"end":{"line":57,"column":37}},"16":{"start":{"line":58,"column":6},"end":{"line":58,"column":40}},"17":{"start":{"line":61,"column":32},"end":{"line":62,"column":null}},"18":{"start":{"line":65,"column":4},"end":{"line":67,"column":5}},"19":{"start":{"line":66,"column":6},"end":{"line":66,"column":45}},"20":{"start":{"line":69,"column":19},"end":{"line":69,"column":23}},"21":{"start":{"line":70,"column":4},"end":{"line":75,"column":7}},"22":{"start":{"line":72,"column":6},"end":{"line":74,"column":7}},"23":{"start":{"line":73,"column":8},"end":{"line":73,"column":25}},"24":{"start":{"line":76,"column":4},"end":{"line":78,"column":5}},"25":{"start":{"line":77,"column":6},"end":{"line":77,"column":47}},"26":{"start":{"line":81,"column":4},"end":{"line":83,"column":5}},"27":{"start":{"line":82,"column":6},"end":{"line":82,"column":42}},"28":{"start":{"line":85,"column":4},"end":{"line":87,"column":5}},"29":{"start":{"line":86,"column":6},"end":{"line":86,"column":40}},"30":{"start":{"line":89,"column":4},"end":{"line":89,"column":37}},"31":{"start":{"line":95,"column":29},"end":{"line":95,"column":31}},"32":{"start":{"line":97,"column":4},"end":{"line":100,"column":5}},"33":{"start":{"line":98,"column":6},"end":{"line":98,"column":37}},"34":{"start":{"line":99,"column":6},"end":{"line":99,"column":40}},"35":{"start":{"line":102,"column":32},"end":{"line":103,"column":null}},"36":{"start":{"line":106,"column":4},"end":{"line":108,"column":5}},"37":{"start":{"line":107,"column":6},"end":{"line":107,"column":38}},"38":{"start":{"line":110,"column":19},"end":{"line":110,"column":23}},"39":{"start":{"line":111,"column":4},"end":{"line":116,"column":7}},"40":{"start":{"line":113,"column":6},"end":{"line":115,"column":7}},"41":{"start":{"line":114,"column":8},"end":{"line":114,"column":25}},"42":{"start":{"line":117,"column":4},"end":{"line":119,"column":5}},"43":{"start":{"line":118,"column":6},"end":{"line":118,"column":47}},"44":{"start":{"line":121,"column":4},"end":{"line":123,"column":5}},"45":{"start":{"line":122,"column":6},"end":{"line":122,"column":40}},"46":{"start":{"line":125,"column":4},"end":{"line":125,"column":37}},"47":{"start":{"line":131,"column":29},"end":{"line":131,"column":31}},"48":{"start":{"line":133,"column":4},"end":{"line":136,"column":5}},"49":{"start":{"line":134,"column":6},"end":{"line":134,"column":37}},"50":{"start":{"line":135,"column":6},"end":{"line":135,"column":40}},"51":{"start":{"line":138,"column":4},"end":{"line":140,"column":5}},"52":{"start":{"line":139,"column":6},"end":{"line":139,"column":40}},"53":{"start":{"line":142,"column":4},"end":{"line":142,"column":37}},"54":{"start":{"line":146,"column":29},"end":{"line":146,"column":31}},"55":{"start":{"line":148,"column":4},"end":{"line":151,"column":5}},"56":{"start":{"line":149,"column":6},"end":{"line":149,"column":35}},"57":{"start":{"line":150,"column":6},"end":{"line":150,"column":40}},"58":{"start":{"line":153,"column":4},"end":{"line":155,"column":5}},"59":{"start":{"line":154,"column":6},"end":{"line":154,"column":40}},"60":{"start":{"line":157,"column":4},"end":{"line":157,"column":37}},"61":{"start":{"line":161,"column":4},"end":{"line":170,"column":5}},"62":{"start":{"line":162,"column":6},"end":{"line":167,"column":9}},"63":{"start":{"line":169,"column":6},"end":{"line":169,"column":16}},"64":{"start":{"line":174,"column":4},"end":{"line":190,"column":5}},"65":{"start":{"line":175,"column":30},"end":{"line":176,"column":null}},"66":{"start":{"line":181,"column":6},"end":{"line":185,"column":9}},"67":{"start":{"line":182,"column":8},"end":{"line":184,"column":9}},"68":{"start":{"line":183,"column":10},"end":{"line":183,"column":38}},"69":{"start":{"line":187,"column":6},"end":{"line":187,"column":47}},"70":{"start":{"line":189,"column":6},"end":{"line":189,"column":16}},"71":{"start":{"line":194,"column":4},"end":{"line":206,"column":5}},"72":{"start":{"line":195,"column":19},"end":{"line":198,"column":8}},"73":{"start":{"line":199,"column":6},"end":{"line":203,"column":7}},"74":{"start":{"line":200,"column":8},"end":{"line":200,"column":42}},"75":{"start":{"line":201,"column":23},"end":{"line":201,"column":58}},"76":{"start":{"line":202,"column":8},"end":{"line":202,"column":22}},"77":{"start":{"line":205,"column":6},"end":{"line":205,"column":16}},"78":{"start":{"line":212,"column":4},"end":{"line":217,"column":5}},"79":{"start":{"line":213,"column":21},"end":{"line":213,"column":70}},"80":{"start":{"line":214,"column":6},"end":{"line":214,"column":20}},"81":{"start":{"line":216,"column":6},"end":{"line":216,"column":16}},"82":{"start":{"line":221,"column":4},"end":{"line":235,"column":5}},"83":{"start":{"line":222,"column":21},"end":{"line":222,"column":50}},"84":{"start":{"line":224,"column":28},"end":{"line":224,"column":30}},"85":{"start":{"line":226,"column":6},"end":{"line":230,"column":9}},"86":{"start":{"line":227,"column":8},"end":{"line":229,"column":9}},"87":{"start":{"line":228,"column":10},"end":{"line":228,"column":26}},"88":{"start":{"line":232,"column":6},"end":{"line":232,"column":18}},"89":{"start":{"line":234,"column":6},"end":{"line":234,"column":16}},"90":{"start":{"line":239,"column":4},"end":{"line":244,"column":5}},"91":{"start":{"line":240,"column":21},"end":{"line":240,"column":63}},"92":{"start":{"line":241,"column":6},"end":{"line":241,"column":20}},"93":{"start":{"line":243,"column":6},"end":{"line":243,"column":16}},"94":{"start":{"line":247,"column":2},"end":{"line":259,"column":4}},"95":{"start":{"line":22,"column":0},"end":{"line":22,"column":25}}},"fnMap":{"0":{"name":"default_1","decl":{"start":{"line":22,"column":0},"end":{"line":22,"column":25}},"loc":{"start":{"line":22,"column":39},"end":{"line":260,"column":1}}},"1":{"name":"validateInputComment","decl":{"start":{"line":23,"column":17},"end":{"line":23,"column":37}},"loc":{"start":{"line":24,"column":23},"end":{"line":49,"column":null}}},"2":{"name":"validateUpdateComment","decl":{"start":{"line":51,"column":17},"end":{"line":51,"column":38}},"loc":{"start":{"line":52,"column":23},"end":{"line":90,"column":null}}},"3":{"name":"(anonymous_12)","decl":{"start":{"line":70,"column":21},"end":{"line":70,"column":22}},"loc":{"start":{"line":70,"column":30},"end":{"line":75,"column":5}}},"4":{"name":"validateDeleteComment","decl":{"start":{"line":92,"column":17},"end":{"line":92,"column":38}},"loc":{"start":{"line":93,"column":34},"end":{"line":126,"column":null}}},"5":{"name":"(anonymous_15)","decl":{"start":{"line":111,"column":21},"end":{"line":111,"column":22}},"loc":{"start":{"line":111,"column":30},"end":{"line":116,"column":5}}},"6":{"name":"validateUserContent","decl":{"start":{"line":128,"column":17},"end":{"line":128,"column":36}},"loc":{"start":{"line":129,"column":34},"end":{"line":143,"column":null}}},"7":{"name":"validateId","decl":{"start":{"line":145,"column":17},"end":{"line":145,"column":27}},"loc":{"start":{"line":145,"column":41},"end":{"line":158,"column":null}}},"8":{"name":"createComment","decl":{"start":{"line":160,"column":17},"end":{"line":160,"column":30}},"loc":{"start":{"line":160,"column":50},"end":{"line":171,"column":null}}},"9":{"name":"deleteComment","decl":{"start":{"line":173,"column":17},"end":{"line":173,"column":30}},"loc":{"start":{"line":173,"column":61},"end":{"line":191,"column":null}}},"10":{"name":"(anonymous_24)","decl":{"start":{"line":181,"column":19},"end":{"line":181,"column":20}},"loc":{"start":{"line":181,"column":28},"end":{"line":185,"column":7}}},"11":{"name":"updateComment","decl":{"start":{"line":193,"column":17},"end":{"line":193,"column":30}},"loc":{"start":{"line":193,"column":50},"end":{"line":207,"column":null}}},"12":{"name":"getUserContentComment","decl":{"start":{"line":209,"column":17},"end":{"line":209,"column":38}},"loc":{"start":{"line":210,"column":34},"end":{"line":218,"column":null}}},"13":{"name":"getContentComments","decl":{"start":{"line":220,"column":17},"end":{"line":220,"column":35}},"loc":{"start":{"line":220,"column":49},"end":{"line":236,"column":null}}},"14":{"name":"(anonymous_31)","decl":{"start":{"line":226,"column":21},"end":{"line":226,"column":22}},"loc":{"start":{"line":226,"column":39},"end":{"line":230,"column":7}}},"15":{"name":"getUserComments","decl":{"start":{"line":238,"column":17},"end":{"line":238,"column":32}},"loc":{"start":{"line":238,"column":46},"end":{"line":245,"column":null}}}},"branchMap":{"0":{"loc":{"start":{"line":28,"column":4},"end":{"line":31,"column":5}},"type":"if","locations":[{"start":{"line":28,"column":4},"end":{"line":31,"column":5}}]},"1":{"loc":{"start":{"line":28,"column":8},"end":{"line":28,"column":76}},"type":"binary-expr","locations":[{"start":{"line":28,"column":8},"end":{"line":28,"column":14}},{"start":{"line":28,"column":18},"end":{"line":28,"column":32}},{"start":{"line":28,"column":36},"end":{"line":28,"column":53}},{"start":{"line":28,"column":57},"end":{"line":28,"column":76}}]},"2":{"loc":{"start":{"line":35,"column":4},"end":{"line":37,"column":5}},"type":"if","locations":[{"start":{"line":35,"column":4},"end":{"line":37,"column":5}}]},"3":{"loc":{"start":{"line":35,"column":8},"end":{"line":35,"column":58}},"type":"binary-expr","locations":[{"start":{"line":35,"column":8},"end":{"line":35,"column":15}},{"start":{"line":35,"column":19},"end":{"line":35,"column":58}}]},"4":{"loc":{"start":{"line":40,"column":4},"end":{"line":42,"column":5}},"type":"if","locations":[{"start":{"line":40,"column":4},"end":{"line":42,"column":5}}]},"5":{"loc":{"start":{"line":44,"column":4},"end":{"line":46,"column":5}},"type":"if","locations":[{"start":{"line":44,"column":4},"end":{"line":46,"column":5}}]},"6":{"loc":{"start":{"line":56,"column":4},"end":{"line":59,"column":5}},"type":"if","locations":[{"start":{"line":56,"column":4},"end":{"line":59,"column":5}}]},"7":{"loc":{"start":{"line":56,"column":8},"end":{"line":56,"column":76}},"type":"binary-expr","locations":[{"start":{"line":56,"column":8},"end":{"line":56,"column":14}},{"start":{"line":56,"column":18},"end":{"line":56,"column":35}},{"start":{"line":56,"column":39},"end":{"line":56,"column":53}},{"start":{"line":56,"column":57},"end":{"line":56,"column":76}}]},"8":{"loc":{"start":{"line":65,"column":4},"end":{"line":67,"column":5}},"type":"if","locations":[{"start":{"line":65,"column":4},"end":{"line":67,"column":5}}]},"9":{"loc":{"start":{"line":72,"column":6},"end":{"line":74,"column":7}},"type":"if","locations":[{"start":{"line":72,"column":6},"end":{"line":74,"column":7}}]},"10":{"loc":{"start":{"line":76,"column":4},"end":{"line":78,"column":5}},"type":"if","locations":[{"start":{"line":76,"column":4},"end":{"line":78,"column":5}}]},"11":{"loc":{"start":{"line":81,"column":4},"end":{"line":83,"column":5}},"type":"if","locations":[{"start":{"line":81,"column":4},"end":{"line":83,"column":5}}]},"12":{"loc":{"start":{"line":85,"column":4},"end":{"line":87,"column":5}},"type":"if","locations":[{"start":{"line":85,"column":4},"end":{"line":87,"column":5}}]},"13":{"loc":{"start":{"line":97,"column":4},"end":{"line":100,"column":5}},"type":"if","locations":[{"start":{"line":97,"column":4},"end":{"line":100,"column":5}}]},"14":{"loc":{"start":{"line":97,"column":8},"end":{"line":97,"column":53}},"type":"binary-expr","locations":[{"start":{"line":97,"column":8},"end":{"line":97,"column":14}},{"start":{"line":97,"column":18},"end":{"line":97,"column":35}},{"start":{"line":97,"column":39},"end":{"line":97,"column":53}}]},"15":{"loc":{"start":{"line":106,"column":4},"end":{"line":108,"column":5}},"type":"if","locations":[{"start":{"line":106,"column":4},"end":{"line":108,"column":5}}]},"16":{"loc":{"start":{"line":113,"column":6},"end":{"line":115,"column":7}},"type":"if","locations":[{"start":{"line":113,"column":6},"end":{"line":115,"column":7}}]},"17":{"loc":{"start":{"line":117,"column":4},"end":{"line":119,"column":5}},"type":"if","locations":[{"start":{"line":117,"column":4},"end":{"line":119,"column":5}}]},"18":{"loc":{"start":{"line":121,"column":4},"end":{"line":123,"column":5}},"type":"if","locations":[{"start":{"line":121,"column":4},"end":{"line":123,"column":5}}]},"19":{"loc":{"start":{"line":133,"column":4},"end":{"line":136,"column":5}},"type":"if","locations":[{"start":{"line":133,"column":4},"end":{"line":136,"column":5}}]},"20":{"loc":{"start":{"line":133,"column":8},"end":{"line":133,"column":53}},"type":"binary-expr","locations":[{"start":{"line":133,"column":8},"end":{"line":133,"column":14}},{"start":{"line":133,"column":18},"end":{"line":133,"column":35}},{"start":{"line":133,"column":39},"end":{"line":133,"column":53}}]},"21":{"loc":{"start":{"line":138,"column":4},"end":{"line":140,"column":5}},"type":"if","locations":[{"start":{"line":138,"column":4},"end":{"line":140,"column":5}}]},"22":{"loc":{"start":{"line":148,"column":4},"end":{"line":151,"column":5}},"type":"if","locations":[{"start":{"line":148,"column":4},"end":{"line":151,"column":5}}]},"23":{"loc":{"start":{"line":153,"column":4},"end":{"line":155,"column":5}},"type":"if","locations":[{"start":{"line":153,"column":4},"end":{"line":155,"column":5}}]},"24":{"loc":{"start":{"line":182,"column":8},"end":{"line":184,"column":9}},"type":"if","locations":[{"start":{"line":182,"column":8},"end":{"line":184,"column":9}}]},"25":{"loc":{"start":{"line":199,"column":6},"end":{"line":203,"column":7}},"type":"if","locations":[{"start":{"line":199,"column":6},"end":{"line":203,"column":7}}]},"26":{"loc":{"start":{"line":227,"column":8},"end":{"line":229,"column":9}},"type":"if","locations":[{"start":{"line":227,"column":8},"end":{"line":229,"column":9}}]}},"s":{"0":1,"1":3,"2":3,"3":1,"4":1,"5":2,"6":2,"7":1,"8":2,"9":0,"10":2,"11":1,"12":1,"13":3,"14":3,"15":1,"16":1,"17":2,"18":2,"19":0,"20":2,"21":2,"22":3,"23":1,"24":2,"25":1,"26":2,"27":0,"28":2,"29":1,"30":1,"31":3,"32":3,"33":1,"34":1,"35":2,"36":2,"37":0,"38":2,"39":2,"40":3,"41":1,"42":2,"43":1,"44":2,"45":1,"46":1,"47":2,"48":2,"49":1,"50":1,"51":1,"52":0,"53":1,"54":3,"55":3,"56":1,"57":1,"58":2,"59":0,"60":2,"61":1,"62":1,"63":0,"64":1,"65":1,"66":1,"67":2,"68":1,"69":1,"70":0,"71":1,"72":1,"73":1,"74":1,"75":1,"76":1,"77":0,"78":1,"79":1,"80":1,"81":0,"82":1,"83":1,"84":1,"85":1,"86":4,"87":1,"88":1,"89":0,"90":4,"91":4,"92":4,"93":0,"94":1,"95":1},"f":{"0":1,"1":3,"2":3,"3":3,"4":3,"5":3,"6":2,"7":3,"8":1,"9":1,"10":2,"11":1,"12":1,"13":1,"14":4,"15":4},"b":{"0":[1],"1":[3,3,2,2],"2":[1],"3":[2,1],"4":[0],"5":[1],"6":[1],"7":[3,3,2,2],"8":[0],"9":[1],"10":[1],"11":[0],"12":[1],"13":[1],"14":[3,3,2],"15":[0],"16":[1],"17":[1],"18":[1],"19":[1],"20":[2,2,1],"21":[0],"22":[1],"23":[0],"24":[1],"25":[1],"26":[1]}}
,"/Users/ghabrilleampo/Documents/Personal/Revature/1821 Serverless NERD Projects/meaningful-meals/source-code/back-end/src/service/favoriteService.ts": {"path":"/Users/ghabrilleampo/Documents/Personal/Revature/1821 Serverless NERD Projects/meaningful-meals/source-code/back-end/src/service/favoriteService.ts","statementMap":{"0":{"start":{"line":3,"column":0},"end":{"line":3,"column":34}},"1":{"start":{"line":20,"column":29},"end":{"line":20,"column":31}},"2":{"start":{"line":22,"column":4},"end":{"line":25,"column":5}},"3":{"start":{"line":23,"column":6},"end":{"line":23,"column":37}},"4":{"start":{"line":24,"column":6},"end":{"line":24,"column":40}},"5":{"start":{"line":27,"column":21},"end":{"line":27,"column":72}},"6":{"start":{"line":28,"column":4},"end":{"line":30,"column":5}},"7":{"start":{"line":29,"column":6},"end":{"line":29,"column":45}},"8":{"start":{"line":32,"column":4},"end":{"line":34,"column":5}},"9":{"start":{"line":33,"column":6},"end":{"line":33,"column":40}},"10":{"start":{"line":36,"column":4},"end":{"line":36,"column":37}},"11":{"start":{"line":42,"column":29},"end":{"line":42,"column":31}},"12":{"start":{"line":44,"column":4},"end":{"line":47,"column":5}},"13":{"start":{"line":45,"column":6},"end":{"line":45,"column":37}},"14":{"start":{"line":46,"column":6},"end":{"line":46,"column":40}},"15":{"start":{"line":49,"column":33},"end":{"line":50,"column":null}},"16":{"start":{"line":53,"column":4},"end":{"line":55,"column":5}},"17":{"start":{"line":54,"column":6},"end":{"line":54,"column":46}},"18":{"start":{"line":57,"column":18},"end":{"line":57,"column":22}},"19":{"start":{"line":58,"column":4},"end":{"line":63,"column":7}},"20":{"start":{"line":60,"column":6},"end":{"line":62,"column":7}},"21":{"start":{"line":61,"column":8},"end":{"line":61,"column":24}},"22":{"start":{"line":64,"column":4},"end":{"line":66,"column":5}},"23":{"start":{"line":65,"column":6},"end":{"line":65,"column":46}},"24":{"start":{"line":68,"column":4},"end":{"line":70,"column":5}},"25":{"start":{"line":69,"column":6},"end":{"line":69,"column":40}},"26":{"start":{"line":72,"column":4},"end":{"line":72,"column":37}},"27":{"start":{"line":76,"column":29},"end":{"line":76,"column":31}},"28":{"start":{"line":78,"column":4},"end":{"line":80,"column":5}},"29":{"start":{"line":79,"column":6},"end":{"line":79,"column":35}},"30":{"start":{"line":82,"column":4},"end":{"line":84,"column":5}},"31":{"start":{"line":83,"column":6},"end":{"line":83,"column":40}},"32":{"start":{"line":86,"column":4},"end":{"line":86,"column":37}},"33":{"start":{"line":90,"column":4},"end":{"line":98,"column":5}},"34":{"start":{"line":91,"column":6},"end":{"line":95,"column":9}},"35":{"start":{"line":97,"column":6},"end":{"line":97,"column":16}},"36":{"start":{"line":102,"column":4},"end":{"line":118,"column":5}},"37":{"start":{"line":103,"column":31},"end":{"line":104,"column":null}},"38":{"start":{"line":109,"column":6},"end":{"line":113,"column":9}},"39":{"start":{"line":110,"column":8},"end":{"line":112,"column":9}},"40":{"start":{"line":111,"column":10},"end":{"line":111,"column":40}},"41":{"start":{"line":115,"column":6},"end":{"line":115,"column":50}},"42":{"start":{"line":117,"column":6},"end":{"line":117,"column":16}},"43":{"start":{"line":122,"column":4},"end":{"line":127,"column":5}},"44":{"start":{"line":123,"column":21},"end":{"line":123,"column":65}},"45":{"start":{"line":124,"column":6},"end":{"line":124,"column":20}},"46":{"start":{"line":126,"column":6},"end":{"line":126,"column":16}},"47":{"start":{"line":131,"column":4},"end":{"line":145,"column":5}},"48":{"start":{"line":132,"column":21},"end":{"line":132,"column":52}},"49":{"start":{"line":134,"column":29},"end":{"line":134,"column":31}},"50":{"start":{"line":136,"column":6},"end":{"line":140,"column":9}},"51":{"start":{"line":137,"column":8},"end":{"line":139,"column":9}},"52":{"start":{"line":138,"column":10},"end":{"line":138,"column":26}},"53":{"start":{"line":142,"column":6},"end":{"line":142,"column":18}},"54":{"start":{"line":144,"column":6},"end":{"line":144,"column":16}},"55":{"start":{"line":150,"column":4},"end":{"line":155,"column":5}},"56":{"start":{"line":151,"column":21},"end":{"line":151,"column":72}},"57":{"start":{"line":152,"column":6},"end":{"line":152,"column":20}},"58":{"start":{"line":154,"column":6},"end":{"line":154,"column":16}},"59":{"start":{"line":158,"column":2},"end":{"line":167,"column":4}},"60":{"start":{"line":16,"column":0},"end":{"line":16,"column":25}}},"fnMap":{"0":{"name":"default_1","decl":{"start":{"line":16,"column":0},"end":{"line":16,"column":25}},"loc":{"start":{"line":16,"column":40},"end":{"line":168,"column":1}}},"1":{"name":"validateInputFavorite","decl":{"start":{"line":17,"column":17},"end":{"line":17,"column":38}},"loc":{"start":{"line":18,"column":24},"end":{"line":37,"column":null}}},"2":{"name":"validateUpdateFavorite","decl":{"start":{"line":39,"column":17},"end":{"line":39,"column":39}},"loc":{"start":{"line":40,"column":24},"end":{"line":73,"column":null}}},"3":{"name":"(anonymous_12)","decl":{"start":{"line":58,"column":21},"end":{"line":58,"column":22}},"loc":{"start":{"line":58,"column":30},"end":{"line":63,"column":5}}},"4":{"name":"validateId","decl":{"start":{"line":75,"column":17},"end":{"line":75,"column":27}},"loc":{"start":{"line":75,"column":41},"end":{"line":87,"column":null}}},"5":{"name":"createFavorite","decl":{"start":{"line":89,"column":17},"end":{"line":89,"column":31}},"loc":{"start":{"line":89,"column":52},"end":{"line":99,"column":null}}},"6":{"name":"deleteFavorite","decl":{"start":{"line":101,"column":17},"end":{"line":101,"column":31}},"loc":{"start":{"line":101,"column":52},"end":{"line":119,"column":null}}},"7":{"name":"(anonymous_19)","decl":{"start":{"line":109,"column":19},"end":{"line":109,"column":20}},"loc":{"start":{"line":109,"column":28},"end":{"line":113,"column":7}}},"8":{"name":"getUserFavorites","decl":{"start":{"line":121,"column":17},"end":{"line":121,"column":33}},"loc":{"start":{"line":121,"column":47},"end":{"line":128,"column":null}}},"9":{"name":"getContentFavorites","decl":{"start":{"line":130,"column":17},"end":{"line":130,"column":36}},"loc":{"start":{"line":130,"column":50},"end":{"line":146,"column":null}}},"10":{"name":"(anonymous_24)","decl":{"start":{"line":136,"column":21},"end":{"line":136,"column":22}},"loc":{"start":{"line":136,"column":40},"end":{"line":140,"column":7}}},"11":{"name":"getUserContentFavorite","decl":{"start":{"line":147,"column":17},"end":{"line":147,"column":39}},"loc":{"start":{"line":148,"column":24},"end":{"line":156,"column":null}}}},"branchMap":{"0":{"loc":{"start":{"line":22,"column":4},"end":{"line":25,"column":5}},"type":"if","locations":[{"start":{"line":22,"column":4},"end":{"line":25,"column":5}}]},"1":{"loc":{"start":{"line":22,"column":8},"end":{"line":22,"column":53}},"type":"binary-expr","locations":[{"start":{"line":22,"column":8},"end":{"line":22,"column":14}},{"start":{"line":22,"column":18},"end":{"line":22,"column":35}},{"start":{"line":22,"column":39},"end":{"line":22,"column":53}}]},"2":{"loc":{"start":{"line":28,"column":4},"end":{"line":30,"column":5}},"type":"if","locations":[{"start":{"line":28,"column":4},"end":{"line":30,"column":5}}]},"3":{"loc":{"start":{"line":32,"column":4},"end":{"line":34,"column":5}},"type":"if","locations":[{"start":{"line":32,"column":4},"end":{"line":34,"column":5}}]},"4":{"loc":{"start":{"line":44,"column":4},"end":{"line":47,"column":5}},"type":"if","locations":[{"start":{"line":44,"column":4},"end":{"line":47,"column":5}}]},"5":{"loc":{"start":{"line":44,"column":8},"end":{"line":44,"column":53}},"type":"binary-expr","locations":[{"start":{"line":44,"column":8},"end":{"line":44,"column":14}},{"start":{"line":44,"column":18},"end":{"line":44,"column":35}},{"start":{"line":44,"column":39},"end":{"line":44,"column":53}}]},"6":{"loc":{"start":{"line":53,"column":4},"end":{"line":55,"column":5}},"type":"if","locations":[{"start":{"line":53,"column":4},"end":{"line":55,"column":5}}]},"7":{"loc":{"start":{"line":60,"column":6},"end":{"line":62,"column":7}},"type":"if","locations":[{"start":{"line":60,"column":6},"end":{"line":62,"column":7}}]},"8":{"loc":{"start":{"line":64,"column":4},"end":{"line":66,"column":5}},"type":"if","locations":[{"start":{"line":64,"column":4},"end":{"line":66,"column":5}}]},"9":{"loc":{"start":{"line":68,"column":4},"end":{"line":70,"column":5}},"type":"if","locations":[{"start":{"line":68,"column":4},"end":{"line":70,"column":5}}]},"10":{"loc":{"start":{"line":78,"column":4},"end":{"line":80,"column":5}},"type":"if","locations":[{"start":{"line":78,"column":4},"end":{"line":80,"column":5}}]},"11":{"loc":{"start":{"line":82,"column":4},"end":{"line":84,"column":5}},"type":"if","locations":[{"start":{"line":82,"column":4},"end":{"line":84,"column":5}}]},"12":{"loc":{"start":{"line":110,"column":8},"end":{"line":112,"column":9}},"type":"if","locations":[{"start":{"line":110,"column":8},"end":{"line":112,"column":9}}]},"13":{"loc":{"start":{"line":137,"column":8},"end":{"line":139,"column":9}},"type":"if","locations":[{"start":{"line":137,"column":8},"end":{"line":139,"column":9}}]}},"s":{"0":1,"1":3,"2":3,"3":1,"4":1,"5":2,"6":2,"7":1,"8":2,"9":1,"10":1,"11":4,"12":4,"13":1,"14":1,"15":3,"16":3,"17":1,"18":3,"19":3,"20":3,"21":1,"22":3,"23":2,"24":3,"25":2,"26":1,"27":3,"28":3,"29":1,"30":3,"31":1,"32":2,"33":1,"34":1,"35":0,"36":1,"37":1,"38":1,"39":2,"40":1,"41":1,"42":0,"43":3,"44":3,"45":3,"46":0,"47":1,"48":1,"49":1,"50":1,"51":3,"52":0,"53":1,"54":0,"55":1,"56":1,"57":1,"58":0,"59":1,"60":1},"f":{"0":1,"1":3,"2":4,"3":3,"4":3,"5":1,"6":1,"7":2,"8":3,"9":1,"10":3,"11":1},"b":{"0":[1],"1":[3,3,2],"2":[1],"3":[1],"4":[1],"5":[4,4,3],"6":[1],"7":[1],"8":[2],"9":[2],"10":[1],"11":[1],"12":[1],"13":[0]}}
,"/Users/ghabrilleampo/Documents/Personal/Revature/1821 Serverless NERD Projects/meaningful-meals/source-code/back-end/src/service/userService.ts": {"path":"/Users/ghabrilleampo/Documents/Personal/Revature/1821 Serverless NERD Projects/meaningful-meals/source-code/back-end/src/service/userService.ts","statementMap":{"0":{"start":{"line":1,"column":0},"end":{"line":1,"column":55}},"1":{"start":{"line":3,"column":0},"end":{"line":3,"column":34}},"2":{"start":{"line":4,"column":0},"end":{"line":4,"column":28}},"3":{"start":{"line":8,"column":27},"end":{"line":8,"column":29}},"4":{"start":{"line":10,"column":2},"end":{"line":13,"column":3}},"5":{"start":{"line":11,"column":3},"end":{"line":11,"column":39}},"6":{"start":{"line":12,"column":3},"end":{"line":12,"column":37}},"7":{"start":{"line":15,"column":2},"end":{"line":17,"column":3}},"8":{"start":{"line":16,"column":3},"end":{"line":16,"column":35}},"9":{"start":{"line":19,"column":2},"end":{"line":21,"column":3}},"10":{"start":{"line":20,"column":3},"end":{"line":20,"column":35}},"11":{"start":{"line":23,"column":2},"end":{"line":25,"column":3}},"12":{"start":{"line":24,"column":3},"end":{"line":24,"column":37}},"13":{"start":{"line":27,"column":2},"end":{"line":27,"column":35}},"14":{"start":{"line":31,"column":33},"end":{"line":31,"column":65}},"15":{"start":{"line":33,"column":2},"end":{"line":35,"column":3}},"16":{"start":{"line":34,"column":3},"end":{"line":34,"column":21}},"17":{"start":{"line":37,"column":2},"end":{"line":48,"column":3}},"18":{"start":{"line":38,"column":18},"end":{"line":38,"column":56}},"19":{"start":{"line":39,"column":3},"end":{"line":41,"column":4}},"20":{"start":{"line":40,"column":4},"end":{"line":40,"column":22}},"21":{"start":{"line":43,"column":3},"end":{"line":43,"column":30}},"22":{"start":{"line":44,"column":3},"end":{"line":44,"column":49}},"23":{"start":{"line":45,"column":3},"end":{"line":45,"column":21}},"24":{"start":{"line":47,"column":3},"end":{"line":47,"column":13}},"25":{"start":{"line":52,"column":33},"end":{"line":52,"column":65}},"26":{"start":{"line":54,"column":2},"end":{"line":56,"column":3}},"27":{"start":{"line":55,"column":3},"end":{"line":55,"column":21}},"28":{"start":{"line":58,"column":2},"end":{"line":81,"column":3}},"29":{"start":{"line":59,"column":3},"end":{"line":63,"column":4}},"30":{"start":{"line":60,"column":4},"end":{"line":60,"column":31}},"31":{"start":{"line":61,"column":4},"end":{"line":61,"column":42}},"32":{"start":{"line":62,"column":4},"end":{"line":62,"column":22}},"33":{"start":{"line":65,"column":3},"end":{"line":67,"column":4}},"34":{"start":{"line":66,"column":4},"end":{"line":66,"column":47}},"35":{"start":{"line":69,"column":3},"end":{"line":71,"column":4}},"36":{"start":{"line":70,"column":4},"end":{"line":70,"column":47}},"37":{"start":{"line":73,"column":3},"end":{"line":76,"column":4}},"38":{"start":{"line":74,"column":4},"end":{"line":74,"column":31}},"39":{"start":{"line":75,"column":4},"end":{"line":75,"column":22}},"40":{"start":{"line":78,"column":3},"end":{"line":78,"column":21}},"41":{"start":{"line":80,"column":3},"end":{"line":80,"column":13}},"42":{"start":{"line":88,"column":2},"end":{"line":90,"column":3}},"43":{"start":{"line":89,"column":3},"end":{"line":89,"column":16}},"44":{"start":{"line":92,"column":2},"end":{"line":92,"column":14}},"45":{"start":{"line":99,"column":2},"end":{"line":101,"column":3}},"46":{"start":{"line":100,"column":3},"end":{"line":100,"column":16}},"47":{"start":{"line":103,"column":2},"end":{"line":103,"column":14}},"48":{"start":{"line":109,"column":2},"end":{"line":110,"column":70}},"49":{"start":{"line":114,"column":15},"end":{"line":114,"column":52}},"50":{"start":{"line":115,"column":2},"end":{"line":115,"column":14}},"51":{"start":{"line":119,"column":2},"end":{"line":128,"column":3}},"52":{"start":{"line":120,"column":16},"end":{"line":120,"column":53}},"53":{"start":{"line":121,"column":3},"end":{"line":121,"column":65}},"54":{"start":{"line":123,"column":3},"end":{"line":125,"column":4}},"55":{"start":{"line":124,"column":4},"end":{"line":124,"column":17}},"56":{"start":{"line":127,"column":3},"end":{"line":127,"column":13}},"57":{"start":{"line":132,"column":2},"end":{"line":141,"column":3}},"58":{"start":{"line":133,"column":3},"end":{"line":138,"column":6}},"59":{"start":{"line":140,"column":3},"end":{"line":140,"column":13}},"60":{"start":{"line":144,"column":1},"end":{"line":151,"column":3}},"61":{"start":{"line":6,"column":0},"end":{"line":6,"column":24}}},"fnMap":{"0":{"name":"createUserService","decl":{"start":{"line":6,"column":24},"end":{"line":6,"column":41}},"loc":{"start":{"line":6,"column":50},"end":{"line":152,"column":1}}},"1":{"name":"validateCredentials","decl":{"start":{"line":7,"column":10},"end":{"line":7,"column":29}},"loc":{"start":{"line":7,"column":46},"end":{"line":28,"column":2}}},"2":{"name":"validateLogin","decl":{"start":{"line":30,"column":16},"end":{"line":30,"column":29}},"loc":{"start":{"line":30,"column":46},"end":{"line":49,"column":null}}},"3":{"name":"validateRegistration","decl":{"start":{"line":51,"column":16},"end":{"line":51,"column":36}},"loc":{"start":{"line":51,"column":53},"end":{"line":82,"column":null}}},"4":{"name":"validateUsername","decl":{"start":{"line":87,"column":10},"end":{"line":87,"column":26}},"loc":{"start":{"line":87,"column":43},"end":{"line":93,"column":2}}},"5":{"name":"validatePassword","decl":{"start":{"line":98,"column":10},"end":{"line":98,"column":26}},"loc":{"start":{"line":98,"column":43},"end":{"line":104,"column":2}}},"6":{"name":"credentialsMatch","decl":{"start":{"line":108,"column":16},"end":{"line":108,"column":32}},"loc":{"start":{"line":108,"column":66},"end":{"line":111,"column":null}}},"7":{"name":"getUserByUsername","decl":{"start":{"line":113,"column":16},"end":{"line":113,"column":33}},"loc":{"start":{"line":113,"column":50},"end":{"line":116,"column":null}}},"8":{"name":"userExists","decl":{"start":{"line":118,"column":16},"end":{"line":118,"column":26}},"loc":{"start":{"line":118,"column":43},"end":{"line":129,"column":null}}},"9":{"name":"createUser","decl":{"start":{"line":131,"column":16},"end":{"line":131,"column":26}},"loc":{"start":{"line":131,"column":36},"end":{"line":142,"column":null}}}},"branchMap":{"0":{"loc":{"start":{"line":10,"column":2},"end":{"line":13,"column":3}},"type":"if","locations":[{"start":{"line":10,"column":2},"end":{"line":13,"column":3}}]},"1":{"loc":{"start":{"line":15,"column":2},"end":{"line":17,"column":3}},"type":"if","locations":[{"start":{"line":15,"column":2},"end":{"line":17,"column":3}}]},"2":{"loc":{"start":{"line":19,"column":2},"end":{"line":21,"column":3}},"type":"if","locations":[{"start":{"line":19,"column":2},"end":{"line":21,"column":3}}]},"3":{"loc":{"start":{"line":23,"column":2},"end":{"line":25,"column":3}},"type":"if","locations":[{"start":{"line":23,"column":2},"end":{"line":25,"column":3}}]},"4":{"loc":{"start":{"line":33,"column":2},"end":{"line":35,"column":3}},"type":"if","locations":[{"start":{"line":33,"column":2},"end":{"line":35,"column":3}}]},"5":{"loc":{"start":{"line":39,"column":3},"end":{"line":41,"column":4}},"type":"if","locations":[{"start":{"line":39,"column":3},"end":{"line":41,"column":4}}]},"6":{"loc":{"start":{"line":54,"column":2},"end":{"line":56,"column":3}},"type":"if","locations":[{"start":{"line":54,"column":2},"end":{"line":56,"column":3}}]},"7":{"loc":{"start":{"line":59,"column":3},"end":{"line":63,"column":4}},"type":"if","locations":[{"start":{"line":59,"column":3},"end":{"line":63,"column":4}}]},"8":{"loc":{"start":{"line":65,"column":3},"end":{"line":67,"column":4}},"type":"if","locations":[{"start":{"line":65,"column":3},"end":{"line":67,"column":4}}]},"9":{"loc":{"start":{"line":69,"column":3},"end":{"line":71,"column":4}},"type":"if","locations":[{"start":{"line":69,"column":3},"end":{"line":71,"column":4}}]},"10":{"loc":{"start":{"line":73,"column":3},"end":{"line":76,"column":4}},"type":"if","locations":[{"start":{"line":73,"column":3},"end":{"line":76,"column":4}}]},"11":{"loc":{"start":{"line":88,"column":2},"end":{"line":90,"column":3}},"type":"if","locations":[{"start":{"line":88,"column":2},"end":{"line":90,"column":3}}]},"12":{"loc":{"start":{"line":88,"column":6},"end":{"line":88,"column":57}},"type":"binary-expr","locations":[{"start":{"line":88,"column":6},"end":{"line":88,"column":34}},{"start":{"line":88,"column":38},"end":{"line":88,"column":57}}]},"13":{"loc":{"start":{"line":99,"column":2},"end":{"line":101,"column":3}},"type":"if","locations":[{"start":{"line":99,"column":2},"end":{"line":101,"column":3}}]},"14":{"loc":{"start":{"line":99,"column":6},"end":{"line":99,"column":57}},"type":"binary-expr","locations":[{"start":{"line":99,"column":6},"end":{"line":99,"column":34}},{"start":{"line":99,"column":38},"end":{"line":99,"column":57}}]},"15":{"loc":{"start":{"line":109,"column":9},"end":{"line":110,"column":70}},"type":"binary-expr","locations":[{"start":{"line":109,"column":9},"end":{"line":109,"column":53}},{"start":{"line":110,"column":6},"end":{"line":110,"column":69}}]},"16":{"loc":{"start":{"line":121,"column":10},"end":{"line":121,"column":64}},"type":"binary-expr","locations":[{"start":{"line":121,"column":10},"end":{"line":121,"column":14}},{"start":{"line":121,"column":18},"end":{"line":121,"column":30}},{"start":{"line":121,"column":34},"end":{"line":121,"column":47}},{"start":{"line":121,"column":51},"end":{"line":121,"column":64}}]},"17":{"loc":{"start":{"line":123,"column":3},"end":{"line":125,"column":4}},"type":"if","locations":[{"start":{"line":123,"column":3},"end":{"line":125,"column":4}}]}},"s":{"0":1,"1":1,"2":1,"3":5,"4":5,"5":0,"6":0,"7":5,"8":1,"9":5,"10":1,"11":5,"12":1,"13":4,"14":3,"15":3,"16":1,"17":2,"18":2,"19":2,"20":1,"21":1,"22":1,"23":1,"24":0,"25":2,"26":2,"27":0,"28":2,"29":2,"30":1,"31":1,"32":1,"33":1,"34":0,"35":1,"36":0,"37":1,"38":0,"39":0,"40":1,"41":0,"42":1,"43":0,"44":1,"45":1,"46":0,"47":1,"48":0,"49":0,"50":0,"51":4,"52":4,"53":4,"54":0,"55":0,"56":0,"57":0,"58":0,"59":0,"60":1,"61":1},"f":{"0":1,"1":5,"2":3,"3":2,"4":1,"5":1,"6":0,"7":0,"8":4,"9":0},"b":{"0":[0],"1":[1],"2":[1],"3":[1],"4":[1],"5":[1],"6":[0],"7":[1],"8":[0],"9":[0],"10":[0],"11":[0],"12":[1,1],"13":[0],"14":[1,1],"15":[0,0],"16":[4,2,2,2],"17":[0]}}
,"/Users/ghabrilleampo/Documents/Personal/Revature/1821 Serverless NERD Projects/meaningful-meals/source-code/back-end/src/util/errors.ts": {"path":"/Users/ghabrilleampo/Documents/Personal/Revature/1821 Serverless NERD Projects/meaningful-meals/source-code/back-end/src/util/errors.ts","statementMap":{"0":{"start":{"line":3,"column":2},"end":{"line":3,"column":31}},"1":{"start":{"line":1,"column":0},"end":{"line":1,"column":13}}},"fnMap":{"0":{"name":"(anonymous_0)","decl":{"start":{"line":2,"column":1},"end":{"line":2,"column":null}},"loc":{"start":{"line":2,"column":1},"end":{"line":4,"column":2}}}},"branchMap":{},"s":{"0":0,"1":1},"f":{"0":0},"b":{}}
}
