TN:
SF:src\repository\recipeDAO.ts
FN:17,getRecipesByUsername
FN:37,updateRecipe
FN:59,postRecipe
FN:80,deleteRecipe
FNF:4
FNH:0
FNDA:0,getRecipesByUsername
FNDA:0,updateRecipe
FNDA:0,postRecipe
FNDA:0,deleteRecipe
DA:1,1
DA:2,1
DA:8,1
DA:9,1
DA:10,1
DA:11,1
DA:14,1
DA:18,0
DA:26,0
DA:27,0
DA:28,0
DA:29,0
DA:31,0
DA:34,0
DA:38,0
DA:49,0
DA:50,0
DA:51,0
DA:53,0
DA:55,0
DA:60,0
DA:70,0
DA:71,0
DA:72,0
DA:74,0
DA:76,0
DA:81,0
DA:83,0
DA:89,0
DA:90,0
DA:91,0
DA:92,0
DA:94,0
DA:98,1
LF:34
LH:8
BRF:0
BRH:0
end_of_record
TN:
SF:src\service\recipeService.ts
FN:12,searchRecipes
FN:24,getRecipe
FN:34,getUserRecipes
FN:44,putRecipe
FN:58,createRecipe
FN:70,deleteRecipe
FNF:6
FNH:0
FNDA:0,searchRecipes
FNDA:0,getRecipe
FNDA:0,getUserRecipes
FNDA:0,putRecipe
FNDA:0,createRecipe
FNDA:0,deleteRecipe
DA:1,1
DA:2,1
DA:3,1
DA:5,1
DA:7,1
DA:8,1
DA:13,0
DA:19,0
DA:25,0
DA:31,0
DA:35,0
DA:37,0
DA:39,0
DA:41,0
DA:45,0
DA:47,0
DA:54,0
DA:55,0
DA:59,0
DA:66,0
DA:67,0
DA:71,0
DA:73,0
DA:74,0
DA:75,0
DA:78,1
LF:26
LH:7
BRDA:41,0,0,0
BRDA:41,0,1,0
BRDA:55,1,0,0
BRDA:55,1,1,0
BRDA:67,2,0,0
BRDA:67,2,1,0
BRDA:75,3,0,0
BRDA:75,3,1,0
BRF:8
BRH:0
end_of_record
TN:
SF:src\service\userService.ts
FN:6,createUserService
FN:7,validateCredentials
FN:30,validateLogin
FN:51,validateRegistration
FN:87,validateUsername
FN:98,validatePassword
FN:108,credentialsMatch
FN:113,getUserByUsername
FN:118,userExists
FN:131,createUser
FNF:10
FNH:7
FNDA:1,createUserService
FNDA:5,validateCredentials
FNDA:3,validateLogin
FNDA:2,validateRegistration
FNDA:1,validateUsername
FNDA:1,validatePassword
FNDA:0,credentialsMatch
FNDA:0,getUserByUsername
FNDA:4,userExists
FNDA:0,createUser
DA:1,1
DA:3,1
DA:4,1
DA:6,1
DA:8,5
DA:10,5
DA:11,0
DA:12,0
DA:15,5
DA:16,1
DA:19,5
DA:20,1
DA:23,5
DA:24,1
DA:27,4
DA:31,3
DA:33,3
DA:34,1
DA:37,2
DA:38,2
DA:39,2
DA:40,1
DA:43,1
DA:44,1
DA:45,1
DA:47,0
DA:52,2
DA:54,2
DA:55,0
DA:58,2
DA:59,2
DA:60,1
DA:61,1
DA:62,1
DA:65,1
DA:66,0
DA:69,1
DA:70,0
DA:73,1
DA:74,0
DA:75,0
DA:78,1
DA:80,0
DA:88,1
DA:89,0
DA:92,1
DA:99,1
DA:100,0
DA:103,1
DA:109,0
DA:114,0
DA:115,0
DA:119,4
DA:120,4
DA:121,4
DA:123,0
DA:124,0
DA:127,0
DA:132,0
DA:133,0
DA:140,0
DA:144,1
LF:62
LH:42
BRDA:10,0,0,0
BRDA:15,1,0,1
BRDA:19,2,0,1
BRDA:23,3,0,1
BRDA:33,4,0,1
BRDA:39,5,0,1
BRDA:54,6,0,0
BRDA:59,7,0,1
BRDA:65,8,0,0
BRDA:69,9,0,0
BRDA:73,10,0,0
BRDA:88,11,0,0
BRDA:88,12,0,1
BRDA:88,12,1,1
BRDA:99,13,0,0
BRDA:99,14,0,1
BRDA:99,14,1,1
BRDA:109,15,0,0
BRDA:109,15,1,0
BRDA:121,16,0,4
BRDA:121,16,1,2
BRDA:121,16,2,2
BRDA:121,16,3,2
BRDA:123,17,0,0
BRF:24
BRH:14
end_of_record
TN:
SF:src\util\authenticateBody.ts
FN:3,(anonymous_0)
FN:16,(anonymous_1)
FN:34,(anonymous_2)
FN:45,(anonymous_3)
FN:60,validUsername
FN:72,validPassword
FNF:6
FNH:2
FNDA:0,(anonymous_0)
FNDA:0,(anonymous_1)
FNDA:6,(anonymous_2)
FNDA:3,(anonymous_3)
FNDA:0,validUsername
FNDA:0,validPassword
DA:1,1
DA:3,1
DA:4,0
DA:11,0
DA:12,0
DA:14,0
DA:16,1
DA:17,0
DA:18,0
DA:19,0
DA:20,0
DA:21,0
DA:24,0
DA:25,0
DA:26,0
DA:27,0
DA:30,0
DA:31,0
DA:34,1
DA:35,6
DA:36,6
DA:37,5
DA:38,5
DA:39,5
DA:42,1
DA:43,1
DA:45,1
DA:46,3
DA:47,3
DA:48,2
DA:49,2
DA:50,2
DA:53,1
DA:54,1
DA:61,0
DA:62,0
DA:65,0
DA:73,0
DA:74,0
DA:77,0
DA:81,1
LF:41
LH:20
BRDA:4,0,0,0
BRDA:5,1,0,0
BRDA:5,1,1,0
BRDA:5,1,2,0
BRDA:5,1,3,0
BRDA:5,1,4,0
BRDA:18,2,0,0
BRDA:18,3,0,0
BRDA:18,3,1,0
BRDA:18,3,2,0
BRDA:24,4,0,0
BRDA:24,5,0,0
BRDA:24,5,1,0
BRDA:36,6,0,5
BRDA:36,7,0,6
BRDA:36,7,1,5
BRDA:36,7,2,4
BRDA:36,7,3,3
BRDA:36,7,4,2
BRDA:47,8,0,2
BRDA:47,9,0,3
BRDA:47,9,1,2
BRDA:49,10,0,1
BRDA:49,10,1,1
BRDA:61,11,0,0
BRDA:61,12,0,0
BRDA:61,12,1,0
BRDA:73,13,0,0
BRDA:73,14,0,0
BRDA:73,14,1,0
BRF:30
BRH:11
end_of_record
TN:
SF:src\util\errors.ts
FN:2,(anonymous_0)
FNF:1
FNH:0
FNDA:0,(anonymous_0)
DA:1,1
DA:3,0
LF:2
LH:1
BRF:0
BRH:0
end_of_record
TN:
SF:src\util\logger.ts
FN:7,(anonymous_0)
FNF:1
FNH:1
FNDA:7,(anonymous_0)
DA:1,2
DA:3,2
DA:8,7
DA:17,2
LF:4
LH:4
BRF:0
BRH:0
end_of_record
